<?xml version="1.0" encoding="UTF-8"?>
<testng-results skipped="0" failed="0" ignored="0" total="1" passed="1">
  <reporter-output>
  </reporter-output>
  <suite name="Default suite" duration-ms="8578" started-at="2017-12-06T15:08:43Z" finished-at="2017-12-06T15:08:51Z">
    <groups>
    </groups>
    <test name="Default test" duration-ms="8578" started-at="2017-12-06T15:08:43Z" finished-at="2017-12-06T15:08:51Z">
      <class name="com.ucsc.web.testcases.SmokeWebSuite">
        <test-method status="PASS" signature="launchPrerequisites()[pri:0, instance:com.ucsc.web.testcases.SmokeWebSuite@23e028a9]" name="launchPrerequisites" is-config="true" duration-ms="1470" started-at="2017-12-06T20:38:43Z" finished-at="2017-12-06T20:38:45Z">
          <reporter-output>
          </reporter-output>
        </test-method> <!-- launchPrerequisites -->
        <test-method status="PASS" signature="loginToWebApplication(java.lang.String, java.lang.String)[pri:0, instance:com.ucsc.web.testcases.SmokeWebSuite@23e028a9]" name="loginToWebApplication" duration-ms="6496" started-at="2017-12-06T20:38:45Z" data-provider="credentials" finished-at="2017-12-06T20:38:51Z">
          <params>
            <param index="0">
              <value>
                <![CDATA[user789]]>
              </value>
            </param>
            <param index="1">
              <value>
                <![CDATA[user789]]>
              </value>
            </param>
          </params>
          <reporter-output>
          </reporter-output>
        </test-method> <!-- loginToWebApplication -->
        <test-method status="PASS" signature="closeBrowser()[pri:0, instance:com.ucsc.web.testcases.SmokeWebSuite@23e028a9]" name="closeBrowser" is-config="true" duration-ms="126" started-at="2017-12-06T20:38:51Z" finished-at="2017-12-06T20:38:51Z">
          <reporter-output>
          </reporter-output>
        </test-method> <!-- closeBrowser -->
      </class> <!-- com.ucsc.web.testcases.SmokeWebSuite -->
    </test> <!-- Default test -->
  </suite> <!-- Default suite -->
</testng-results>
